2020-01-31 09:16:35,361 p=25300 u=osgdev |  localhost | SUCCESS => {
    "changed": false, 
    "ping": "pong"
}
2020-01-31 09:16:36,592 p=25300 u=osgdev |  TG-DEVOPS-OS984 | SUCCESS => {
    "changed": false, 
    "ping": "pong"
}
2020-01-31 09:16:36,682 p=25300 u=osgdev |  TG-DEVOPS-OS984.wipro.com | SUCCESS => {
    "changed": false, 
    "ping": "pong"
}
2020-01-31 09:17:49,101 p=27139 u=osgdev |  localhost | SUCCESS | rc=0 >>
# Dynamic resolv.conf(5) file for glibc resolver(3) generated by resolvconf(8)
#     DO NOT EDIT THIS FILE BY HAND -- YOUR CHANGES WILL BE OVERWRITTEN
nameserver 10.198.50.100
nameserver 10.198.50.200
search wipro.com

2020-01-31 09:23:58,725 p=3352 u=osgdev |  Using /home/osgdev/ansilab/ansible.cfg as config file
2020-01-31 09:23:58,919 p=3352 u=osgdev |  PLAY [localhost] ***************************************************************
2020-01-31 09:23:58,929 p=3352 u=osgdev |  TASK [Gathering Facts] *********************************************************
2020-01-31 09:24:00,547 p=3352 u=osgdev |  ok: [localhost]
2020-01-31 09:24:00,553 p=3352 u=osgdev |  TASK [Use echo command] ********************************************************
2020-01-31 09:24:00,833 p=3352 u=osgdev |  changed: [localhost] => {"changed": true, "cmd": ["echo", "Hello world"], "delta": "0:00:00.003082", "end": "2020-01-31 09:24:00.815119", "rc": 0, "start": "2020-01-31 09:24:00.812037", "stderr": "", "stderr_lines": [], "stdout": "Hello world", "stdout_lines": ["Hello world"]}
2020-01-31 09:24:00,834 p=3352 u=osgdev |  PLAY RECAP *********************************************************************
2020-01-31 09:24:00,835 p=3352 u=osgdev |  localhost                  : ok=2    changed=1    unreachable=0    failed=0   
2020-01-31 09:25:52,753 p=6083 u=osgdev |  - ./roles/nodejs was created successfully
2020-01-31 09:32:25,421 p=15187 u=osgdev |  - ./roles/tomcat was created successfully
2020-01-31 10:30:27,446 p=31926 u=osgdev |  PLAY [localhost] ***************************************************************
2020-01-31 10:30:27,479 p=31926 u=osgdev |  TASK [Gathering Facts] *********************************************************
2020-01-31 10:30:28,220 p=31926 u=osgdev |  ok: [localhost]
2020-01-31 10:30:28,244 p=31926 u=osgdev |  TASK [tomcat : Extract tomcat tar file] ****************************************
2020-01-31 10:30:28,309 p=31926 u=osgdev |  fatal: [localhost]: FAILED! => {"changed": false, "msg": "Could not find or access '/home/osgdev/ansilab/tomcat/apache-tomcat-8.5.27.tar.gz'"}
2020-01-31 10:30:28,310 p=31926 u=osgdev |  	to retry, use: --limit @/home/osgdev/ansilab/roles/tomcat/tomcat.retry

2020-01-31 10:30:28,310 p=31926 u=osgdev |  PLAY RECAP *********************************************************************
2020-01-31 10:30:28,310 p=31926 u=osgdev |  localhost                  : ok=1    changed=0    unreachable=0    failed=1   
2020-01-31 10:31:14,492 p=612 u=osgdev |  PLAY [localhost] ***************************************************************
2020-01-31 10:31:14,502 p=612 u=osgdev |  TASK [Gathering Facts] *********************************************************
2020-01-31 10:31:15,110 p=612 u=osgdev |  ok: [localhost]
2020-01-31 10:31:15,116 p=612 u=osgdev |  TASK [tomcat : Extract tomcat tar file] ****************************************
2020-01-31 10:31:16,128 p=612 u=osgdev |  changed: [localhost]
2020-01-31 10:31:16,132 p=612 u=osgdev |  PLAY RECAP *********************************************************************
2020-01-31 10:31:16,133 p=612 u=osgdev |  localhost                  : ok=2    changed=1    unreachable=0    failed=0   
2020-01-31 11:50:21,799 p=14103 u=osgdev |  PLAY [localhost] ***************************************************************
2020-01-31 11:50:21,807 p=14103 u=osgdev |  TASK [Gathering Facts] *********************************************************
2020-01-31 11:50:22,436 p=14103 u=osgdev |  ok: [localhost]
2020-01-31 11:50:22,442 p=14103 u=osgdev |  TASK [tomcat : Extract tomcat tar file] ****************************************
2020-01-31 11:50:23,542 p=14103 u=osgdev |  changed: [localhost]
2020-01-31 11:50:23,546 p=14103 u=osgdev |  PLAY RECAP *********************************************************************
2020-01-31 11:50:23,546 p=14103 u=osgdev |  localhost                  : ok=2    changed=1    unreachable=0    failed=0   
2020-01-31 12:03:06,697 p=32076 u=osgdev |  PLAY [localhost] ***************************************************************
2020-01-31 12:03:06,707 p=32076 u=osgdev |  TASK [Gathering Facts] *********************************************************
2020-01-31 12:03:07,398 p=32076 u=osgdev |  ok: [localhost]
2020-01-31 12:03:07,404 p=32076 u=osgdev |  TASK [tomcat : Extract tomcat tar file] ****************************************
2020-01-31 12:03:08,450 p=32076 u=osgdev |  changed: [localhost]
2020-01-31 12:03:08,481 p=32076 u=osgdev |  TASK [tomcat : Change the tomcat port] *****************************************
2020-01-31 12:03:08,862 p=32076 u=osgdev |  changed: [localhost]
2020-01-31 12:03:08,862 p=32076 u=osgdev |  RUNNING HANDLER [tomcat : Start tomcat service] ********************************
2020-01-31 12:03:09,108 p=32076 u=osgdev |  changed: [localhost]
2020-01-31 12:03:09,109 p=32076 u=osgdev |  PLAY RECAP *********************************************************************
2020-01-31 12:03:09,110 p=32076 u=osgdev |  localhost                  : ok=4    changed=3    unreachable=0    failed=0   
2020-01-31 12:14:27,532 p=15811 u=osgdev |   [WARNING]: Could not match supplied host pattern, ignoring: 10.198.108.144

2020-01-31 12:14:27,534 p=15811 u=osgdev |  PLAY [10.198.108.144] **********************************************************
2020-01-31 12:14:27,534 p=15811 u=osgdev |  skipping: no hosts matched
2020-01-31 12:14:27,534 p=15811 u=osgdev |  PLAY RECAP *********************************************************************
2020-01-31 12:17:03,033 p=19628 u=osgdev |   [WARNING]: Could not match supplied host pattern, ignoring: 10.198.108.144

2020-01-31 12:17:03,035 p=19628 u=osgdev |  PLAY [10.198.108.144] **********************************************************
2020-01-31 12:17:03,035 p=19628 u=osgdev |  skipping: no hosts matched
2020-01-31 12:17:03,036 p=19628 u=osgdev |  PLAY RECAP *********************************************************************
2020-01-31 12:18:44,114 p=22032 u=osgdev |  PLAY [localhost] ***************************************************************
2020-01-31 12:18:44,128 p=22032 u=osgdev |  TASK [Gathering Facts] *********************************************************
2020-01-31 12:18:44,753 p=22032 u=osgdev |  ok: [localhost]
2020-01-31 12:18:44,760 p=22032 u=osgdev |  TASK [tomcat : Extract tomcat tar file] ****************************************
2020-01-31 12:18:45,849 p=22032 u=osgdev |  changed: [localhost]
2020-01-31 12:18:45,855 p=22032 u=osgdev |  TASK [tomcat : Change the tomcat port] *****************************************
2020-01-31 12:18:46,233 p=22032 u=osgdev |  changed: [localhost]
2020-01-31 12:18:46,234 p=22032 u=osgdev |  RUNNING HANDLER [tomcat : Start tomcat service] ********************************
2020-01-31 12:18:46,487 p=22032 u=osgdev |  changed: [localhost]
2020-01-31 12:18:46,504 p=22032 u=osgdev |  PLAY RECAP *********************************************************************
2020-01-31 12:18:46,505 p=22032 u=osgdev |  localhost                  : ok=4    changed=3    unreachable=0    failed=0   
2020-01-31 12:29:52,887 p=5173 u=osgdev |  PLAY [TG-DEVOPS-OS984] *********************************************************
2020-01-31 12:29:52,902 p=5173 u=osgdev |  TASK [Gathering Facts] *********************************************************
2020-01-31 12:29:55,652 p=5173 u=osgdev |  ok: [TG-DEVOPS-OS984]
2020-01-31 12:29:55,659 p=5173 u=osgdev |  TASK [tomcat : Extract tomcat tar file] ****************************************
2020-01-31 12:29:58,351 p=5173 u=osgdev |  changed: [TG-DEVOPS-OS984]
2020-01-31 12:29:58,357 p=5173 u=osgdev |  TASK [tomcat : Change the tomcat port] *****************************************
2020-01-31 12:29:58,868 p=5173 u=osgdev |  changed: [TG-DEVOPS-OS984]
2020-01-31 12:29:58,869 p=5173 u=osgdev |  RUNNING HANDLER [tomcat : Start tomcat service] ********************************
2020-01-31 12:29:59,266 p=5173 u=osgdev |  changed: [TG-DEVOPS-OS984]
2020-01-31 12:29:59,267 p=5173 u=osgdev |  PLAY RECAP *********************************************************************
2020-01-31 12:29:59,267 p=5173 u=osgdev |  TG-DEVOPS-OS984            : ok=4    changed=3    unreachable=0    failed=0   
2020-01-31 12:30:49,751 p=6795 u=osgdev |  Using /home/osgdev/ansilab/ansible.cfg as config file
2020-01-31 12:30:50,044 p=6795 u=osgdev |  PLAY [TG-DEVOPS-OS984] *********************************************************
2020-01-31 12:30:50,060 p=6795 u=osgdev |  TASK [Gathering Facts] *********************************************************
2020-01-31 12:30:50,793 p=6795 u=osgdev |  ok: [TG-DEVOPS-OS984]
2020-01-31 12:30:50,805 p=6795 u=osgdev |  TASK [tomcat : Extract tomcat tar file] ****************************************
2020-01-31 12:30:52,712 p=6795 u=osgdev |  changed: [TG-DEVOPS-OS984] => {"changed": true, "dest": "/home/osgdev/ansilab/tomcat", "extract_results": {"cmd": ["/bin/tar", "--extract", "-C", "/home/osgdev/ansilab/tomcat", "-z", "-f", "/home/osgdev/.ansible/tmp/ansible-tmp-1580454050.85-46298662542780/source"], "err": "", "out": "", "rc": 0}, "gid": 999, "group": "docker", "handler": "TgzArchive", "mode": "0755", "owner": "osgdev", "size": 4096, "src": "/home/osgdev/.ansible/tmp/ansible-tmp-1580454050.85-46298662542780/source", "state": "directory", "uid": 1000}
2020-01-31 12:30:52,720 p=6795 u=osgdev |  TASK [tomcat : Change the tomcat port] *****************************************
2020-01-31 12:30:53,299 p=6795 u=osgdev |  changed: [TG-DEVOPS-OS984] => {"changed": true, "checksum": "9c52d9b67730d06cd5b1a9d62036ba3ea4e1d4f2", "dest": "/home/osgdev/ansilab/tomcat/apache-tomcat-9.0.30/conf/server.xml", "gid": 999, "group": "docker", "md5sum": "938df84deb1c70748add8ebac9097e3b", "mode": "0600", "owner": "osgdev", "size": 7514, "src": "/home/osgdev/.ansible/tmp/ansible-tmp-1580454052.79-109309958597091/source", "state": "file", "uid": 1000}
2020-01-31 12:30:53,300 p=6795 u=osgdev |  RUNNING HANDLER [tomcat : Start tomcat service] ********************************
2020-01-31 12:30:53,634 p=6795 u=osgdev |  changed: [TG-DEVOPS-OS984] => {"changed": true, "cmd": "/home/osgdev/ansilab/tomcat/apache-tomcat-9.0.30/bin/startup.sh", "delta": "0:00:00.009965", "end": "2020-01-31 12:30:53.617228", "rc": 0, "start": "2020-01-31 12:30:53.607263", "stderr": "", "stderr_lines": [], "stdout": "Tomcat started.", "stdout_lines": ["Tomcat started."]}
2020-01-31 12:30:53,637 p=6795 u=osgdev |  PLAY RECAP *********************************************************************
2020-01-31 12:30:53,637 p=6795 u=osgdev |  TG-DEVOPS-OS984            : ok=4    changed=3    unreachable=0    failed=0   
2020-01-31 12:34:43,372 p=12903 u=osgdev |  Using /home/osgdev/ansilab/ansible.cfg as config file
2020-01-31 12:34:43,705 p=12903 u=osgdev |  PLAY [TG-DEVOPS-OS984] *********************************************************
2020-01-31 12:34:43,753 p=12903 u=osgdev |  TASK [Gathering Facts] *********************************************************
2020-01-31 12:34:46,638 p=12903 u=osgdev |  ok: [TG-DEVOPS-OS984]
2020-01-31 12:34:46,647 p=12903 u=osgdev |  TASK [tomcat : Extract tomcat tar file] ****************************************
2020-01-31 12:34:48,640 p=12903 u=osgdev |  changed: [TG-DEVOPS-OS984] => {"changed": true, "dest": "/home/osgdev/ansilab/tomcat", "extract_results": {"cmd": ["/bin/tar", "--extract", "-C", "/home/osgdev/ansilab/tomcat", "-z", "-f", "/home/osgdev/.ansible/tmp/ansible-tmp-1580454286.74-43035211847356/source"], "err": "", "out": "", "rc": 0}, "gid": 999, "group": "docker", "handler": "TgzArchive", "mode": "0755", "owner": "osgdev", "size": 4096, "src": "/home/osgdev/.ansible/tmp/ansible-tmp-1580454286.74-43035211847356/source", "state": "directory", "uid": 1000}
2020-01-31 12:34:48,660 p=12903 u=osgdev |  TASK [tomcat : Change the tomcat port] *****************************************
2020-01-31 12:34:49,407 p=12903 u=osgdev |  changed: [TG-DEVOPS-OS984] => {"changed": true, "checksum": "4eb820e17efd91bc4e24765c5b8cdd22d2506930", "dest": "/home/osgdev/ansilab/tomcat/apache-tomcat-9.0.30/conf/server.xml", "gid": 999, "group": "docker", "md5sum": "12c4a32aea770ae05e3d11aed345d5fa", "mode": "0600", "owner": "osgdev", "size": 7514, "src": "/home/osgdev/.ansible/tmp/ansible-tmp-1580454288.83-913936809057/source", "state": "file", "uid": 1000}
2020-01-31 12:34:49,408 p=12903 u=osgdev |  RUNNING HANDLER [tomcat : Start tomcat service] ********************************
2020-01-31 12:34:49,848 p=12903 u=osgdev |  changed: [TG-DEVOPS-OS984] => {"changed": true, "cmd": "/home/osgdev/ansilab/tomcat/apache-tomcat-9.0.30/bin/startup.sh", "delta": "0:00:00.011180", "end": "2020-01-31 12:34:49.828082", "rc": 0, "start": "2020-01-31 12:34:49.816902", "stderr": "", "stderr_lines": [], "stdout": "Tomcat started.", "stdout_lines": ["Tomcat started."]}
2020-01-31 12:34:49,850 p=12903 u=osgdev |  PLAY RECAP *********************************************************************
2020-01-31 12:34:49,850 p=12903 u=osgdev |  TG-DEVOPS-OS984            : ok=4    changed=3    unreachable=0    failed=0   
2020-01-31 12:37:23,430 p=16803 u=osgdev |  Using /home/osgdev/ansilab/ansible.cfg as config file
2020-01-31 12:37:23,617 p=16803 u=osgdev |  PLAY [10.198.108.144] **********************************************************
2020-01-31 12:37:23,628 p=16803 u=osgdev |  TASK [Gathering Facts] *********************************************************
2020-01-31 12:37:31,136 p=16803 u=osgdev |  ok: [10.198.108.144]
2020-01-31 12:37:31,142 p=16803 u=osgdev |  TASK [tomcat : Extract tomcat tar file] ****************************************
2020-01-31 12:37:32,887 p=16803 u=osgdev |  changed: [10.198.108.144] => {"changed": true, "dest": "/home/osgdev/ansilab/tomcat", "extract_results": {"cmd": ["/bin/tar", "--extract", "-C", "/home/osgdev/ansilab/tomcat", "-z", "-f", "/home/osgdev/.ansible/tmp/ansible-tmp-1580454451.18-174162952225332/source"], "err": "", "out": "", "rc": 0}, "gid": 999, "group": "docker", "handler": "TgzArchive", "mode": "0755", "owner": "osgdev", "size": 4096, "src": "/home/osgdev/.ansible/tmp/ansible-tmp-1580454451.18-174162952225332/source", "state": "directory", "uid": 1000}
2020-01-31 12:37:32,894 p=16803 u=osgdev |  TASK [tomcat : Change the tomcat port] *****************************************
2020-01-31 12:37:33,445 p=16803 u=osgdev |  changed: [10.198.108.144] => {"changed": true, "checksum": "4eb820e17efd91bc4e24765c5b8cdd22d2506930", "dest": "/home/osgdev/ansilab/tomcat/apache-tomcat-9.0.30/conf/server.xml", "gid": 999, "group": "docker", "md5sum": "12c4a32aea770ae05e3d11aed345d5fa", "mode": "0600", "owner": "osgdev", "size": 7514, "src": "/home/osgdev/.ansible/tmp/ansible-tmp-1580454452.93-55515496989576/source", "state": "file", "uid": 1000}
2020-01-31 12:37:33,445 p=16803 u=osgdev |  RUNNING HANDLER [tomcat : Start tomcat service] ********************************
2020-01-31 12:37:33,815 p=16803 u=osgdev |  changed: [10.198.108.144] => {"changed": true, "cmd": "/home/osgdev/ansilab/tomcat/apache-tomcat-9.0.30/bin/startup.sh", "delta": "0:00:00.011923", "end": "2020-01-31 12:37:33.800788", "rc": 0, "start": "2020-01-31 12:37:33.788865", "stderr": "", "stderr_lines": [], "stdout": "Tomcat started.", "stdout_lines": ["Tomcat started."]}
2020-01-31 12:37:33,817 p=16803 u=osgdev |  PLAY RECAP *********************************************************************
2020-01-31 12:37:33,817 p=16803 u=osgdev |  10.198.108.144             : ok=4    changed=3    unreachable=0    failed=0   
2020-01-31 12:47:16,281 p=31283 u=osgdev |  Using /home/osgdev/ansilab/ansible.cfg as config file
2020-01-31 12:47:16,485 p=31283 u=osgdev |  PLAY [10.198.108.144] ************************************************************************************************************************
2020-01-31 12:47:16,496 p=31283 u=osgdev |  TASK [Gathering Facts] ***********************************************************************************************************************
2020-01-31 12:47:18,401 p=31283 u=osgdev |  ok: [10.198.108.144]
2020-01-31 12:47:18,406 p=31283 u=osgdev |  TASK [tomcat : Extract tomcat tar file] ******************************************************************************************************
2020-01-31 12:47:20,095 p=31283 u=osgdev |  changed: [10.198.108.144] => {"changed": true, "dest": "/home/osgdev/ansilab/tomcat", "extract_results": {"cmd": ["/bin/tar", "--extract", "-C", "/home/osgdev/ansilab/tomcat", "-z", "-f", "/home/osgdev/.ansible/tmp/ansible-tmp-1580455038.44-251753615919387/source"], "err": "", "out": "", "rc": 0}, "gid": 999, "group": "docker", "handler": "TgzArchive", "mode": "0755", "owner": "osgdev", "size": 4096, "src": "/home/osgdev/.ansible/tmp/ansible-tmp-1580455038.44-251753615919387/source", "state": "directory", "uid": 1000}
2020-01-31 12:47:20,102 p=31283 u=osgdev |  TASK [tomcat : Change the tomcat port] *******************************************************************************************************
2020-01-31 12:47:20,583 p=31283 u=osgdev |  changed: [10.198.108.144] => {"changed": true, "checksum": "4eb820e17efd91bc4e24765c5b8cdd22d2506930", "dest": "/home/osgdev/ansilab/tomcat/apache-tomcat-9.0.30/conf/server.xml", "gid": 999, "group": "docker", "md5sum": "12c4a32aea770ae05e3d11aed345d5fa", "mode": "0600", "owner": "osgdev", "size": 7514, "src": "/home/osgdev/.ansible/tmp/ansible-tmp-1580455040.16-53635467771649/source", "state": "file", "uid": 1000}
2020-01-31 12:47:20,584 p=31283 u=osgdev |  RUNNING HANDLER [tomcat : Start tomcat service] **********************************************************************************************
2020-01-31 12:47:20,875 p=31283 u=osgdev |  changed: [10.198.108.144] => {"changed": true, "cmd": "/home/osgdev/ansilab/tomcat/apache-tomcat-9.0.30/bin/startup.sh", "delta": "0:00:00.007872", "end": "2020-01-31 12:47:20.861827", "rc": 0, "start": "2020-01-31 12:47:20.853955", "stderr": "", "stderr_lines": [], "stdout": "Tomcat started.", "stdout_lines": ["Tomcat started."]}
2020-01-31 12:47:20,877 p=31283 u=osgdev |  PLAY RECAP ***********************************************************************************************************************************
2020-01-31 12:47:20,877 p=31283 u=osgdev |  10.198.108.144             : ok=4    changed=3    unreachable=0    failed=0   
2020-01-31 12:50:36,437 p=3847 u=osgdev |  Using /home/osgdev/ansilab/ansible.cfg as config file
2020-01-31 12:50:36,637 p=3847 u=osgdev |  PLAY [10.198.108.144] ************************************************************************************************************************
2020-01-31 12:50:36,647 p=3847 u=osgdev |  TASK [Gathering Facts] ***********************************************************************************************************************
2020-01-31 12:50:38,514 p=3847 u=osgdev |  ok: [10.198.108.144]
2020-01-31 12:50:38,519 p=3847 u=osgdev |  TASK [tomcat : Extract tomcat tar file] ******************************************************************************************************
2020-01-31 12:50:40,278 p=3847 u=osgdev |  changed: [10.198.108.144] => {"changed": true, "dest": "/home/osgdev/ansilab/tomcat", "extract_results": {"cmd": ["/bin/tar", "--extract", "-C", "/home/osgdev/ansilab/tomcat", "-z", "-f", "/home/osgdev/.ansible/tmp/ansible-tmp-1580455238.56-267410434438971/source"], "err": "", "out": "", "rc": 0}, "gid": 999, "group": "docker", "handler": "TgzArchive", "mode": "0755", "owner": "osgdev", "size": 4096, "src": "/home/osgdev/.ansible/tmp/ansible-tmp-1580455238.56-267410434438971/source", "state": "directory", "uid": 1000}
2020-01-31 12:50:40,284 p=3847 u=osgdev |  TASK [tomcat : Change the tomcat port] *******************************************************************************************************
2020-01-31 12:50:40,754 p=3847 u=osgdev |  changed: [10.198.108.144] => {"changed": true, "checksum": "6886ae4918cb0b9e5d06d1b20f92856ee9ded729", "dest": "/home/osgdev/ansilab/tomcat/apache-tomcat-9.0.30/conf/server.xml", "gid": 999, "group": "docker", "md5sum": "a377fac01fa9e6099c62a5fc8850e356", "mode": "0600", "owner": "osgdev", "size": 7514, "src": "/home/osgdev/.ansible/tmp/ansible-tmp-1580455240.33-128076421210602/source", "state": "file", "uid": 1000}
2020-01-31 12:50:40,754 p=3847 u=osgdev |  RUNNING HANDLER [tomcat : Start tomcat service] **********************************************************************************************
2020-01-31 12:50:41,065 p=3847 u=osgdev |  changed: [10.198.108.144] => {"changed": true, "cmd": "/home/osgdev/ansilab/tomcat/apache-tomcat-9.0.30/bin/startup.sh", "delta": "0:00:00.008403", "end": "2020-01-31 12:50:41.045152", "rc": 0, "start": "2020-01-31 12:50:41.036749", "stderr": "", "stderr_lines": [], "stdout": "Tomcat started.", "stdout_lines": ["Tomcat started."]}
2020-01-31 12:50:41,067 p=3847 u=osgdev |  PLAY RECAP ***********************************************************************************************************************************
2020-01-31 12:50:41,067 p=3847 u=osgdev |  10.198.108.144             : ok=4    changed=3    unreachable=0    failed=0   
2020-01-31 12:52:57,252 p=7314 u=osgdev |  Using /home/osgdev/ansilab/ansible.cfg as config file
2020-01-31 12:52:57,430 p=7314 u=osgdev |  PLAY [10.198.108.144] ************************************************************************************************************************
2020-01-31 12:52:57,441 p=7314 u=osgdev |  TASK [Gathering Facts] ***********************************************************************************************************************
2020-01-31 12:52:59,357 p=7314 u=osgdev |  ok: [10.198.108.144]
2020-01-31 12:52:59,364 p=7314 u=osgdev |  TASK [tomcat : Extract tomcat tar file] ******************************************************************************************************
2020-01-31 12:53:01,147 p=7314 u=osgdev |  changed: [10.198.108.144] => {"changed": true, "dest": "/home/osgdev/ansilab/tomcat", "extract_results": {"cmd": ["/bin/tar", "--extract", "-C", "/home/osgdev/ansilab/tomcat", "-z", "-f", "/home/osgdev/.ansible/tmp/ansible-tmp-1580455379.4-175418140763409/source"], "err": "", "out": "", "rc": 0}, "gid": 999, "group": "docker", "handler": "TgzArchive", "mode": "0755", "owner": "osgdev", "size": 4096, "src": "/home/osgdev/.ansible/tmp/ansible-tmp-1580455379.4-175418140763409/source", "state": "directory", "uid": 1000}
2020-01-31 12:53:01,152 p=7314 u=osgdev |  TASK [tomcat : Change the tomcat port] *******************************************************************************************************
2020-01-31 12:53:01,625 p=7314 u=osgdev |  changed: [10.198.108.144] => {"changed": true, "checksum": "6886ae4918cb0b9e5d06d1b20f92856ee9ded729", "dest": "/home/osgdev/ansilab/tomcat/apache-tomcat-9.0.30/conf/server.xml", "gid": 999, "group": "docker", "md5sum": "a377fac01fa9e6099c62a5fc8850e356", "mode": "0600", "owner": "osgdev", "size": 7514, "src": "/home/osgdev/.ansible/tmp/ansible-tmp-1580455381.2-234024994762701/source", "state": "file", "uid": 1000}
2020-01-31 12:53:01,625 p=7314 u=osgdev |  RUNNING HANDLER [tomcat : Start tomcat service] **********************************************************************************************
2020-01-31 12:53:01,935 p=7314 u=osgdev |  changed: [10.198.108.144] => {"changed": true, "cmd": "/home/osgdev/ansilab/tomcat/apache-tomcat-9.0.30/bin/startup.sh", "delta": "0:00:00.012994", "end": "2020-01-31 12:53:01.914151", "rc": 0, "start": "2020-01-31 12:53:01.901157", "stderr": "", "stderr_lines": [], "stdout": "Tomcat started.", "stdout_lines": ["Tomcat started."]}
2020-01-31 12:53:01,936 p=7314 u=osgdev |  PLAY RECAP ***********************************************************************************************************************************
2020-01-31 12:53:01,936 p=7314 u=osgdev |  10.198.108.144             : ok=4    changed=3    unreachable=0    failed=0   
2020-01-31 12:54:43,165 p=10152 u=osgdev |  Using /home/osgdev/ansilab/ansible.cfg as config file
2020-01-31 12:54:43,339 p=10152 u=osgdev |  PLAY [10.198.108.144] ************************************************************************************************************************
2020-01-31 12:54:43,355 p=10152 u=osgdev |  TASK [Gathering Facts] ***********************************************************************************************************************
2020-01-31 12:54:45,266 p=10152 u=osgdev |  ok: [10.198.108.144]
2020-01-31 12:54:45,272 p=10152 u=osgdev |  TASK [tomcat : Extract tomcat tar file] ******************************************************************************************************
2020-01-31 12:54:46,997 p=10152 u=osgdev |  changed: [10.198.108.144] => {"changed": true, "dest": "/home/osgdev/ansilab/tomcat", "extract_results": {"cmd": ["/bin/tar", "--extract", "-C", "/home/osgdev/ansilab/tomcat", "-z", "-f", "/home/osgdev/.ansible/tmp/ansible-tmp-1580455485.3-195393150104698/source"], "err": "", "out": "", "rc": 0}, "gid": 999, "group": "docker", "handler": "TgzArchive", "mode": "0755", "owner": "osgdev", "size": 4096, "src": "/home/osgdev/.ansible/tmp/ansible-tmp-1580455485.3-195393150104698/source", "state": "directory", "uid": 1000}
2020-01-31 12:54:47,003 p=10152 u=osgdev |  TASK [tomcat : Change the tomcat port] *******************************************************************************************************
2020-01-31 12:54:47,478 p=10152 u=osgdev |  changed: [10.198.108.144] => {"changed": true, "checksum": "f816173058daffd95bff75947c816b6feff96e53", "dest": "/home/osgdev/ansilab/tomcat/apache-tomcat-9.0.30/conf/server.xml", "gid": 999, "group": "docker", "md5sum": "38cbb1e7ed4a6e22ec2e6342def1376e", "mode": "0600", "owner": "osgdev", "size": 7514, "src": "/home/osgdev/.ansible/tmp/ansible-tmp-1580455487.04-65102939316317/source", "state": "file", "uid": 1000}
2020-01-31 12:54:47,478 p=10152 u=osgdev |  RUNNING HANDLER [tomcat : Start tomcat service] **********************************************************************************************
2020-01-31 12:54:47,829 p=10152 u=osgdev |  changed: [10.198.108.144] => {"changed": true, "cmd": "/home/osgdev/ansilab/tomcat/apache-tomcat-9.0.30/bin/startup.sh", "delta": "0:00:00.009076", "end": "2020-01-31 12:54:47.812229", "rc": 0, "start": "2020-01-31 12:54:47.803153", "stderr": "", "stderr_lines": [], "stdout": "Tomcat started.", "stdout_lines": ["Tomcat started."]}
2020-01-31 12:54:47,831 p=10152 u=osgdev |  PLAY RECAP ***********************************************************************************************************************************
2020-01-31 12:54:47,831 p=10152 u=osgdev |  10.198.108.144             : ok=4    changed=3    unreachable=0    failed=0   
2020-01-31 12:56:53,285 p=13399 u=osgdev |  Using /home/osgdev/ansilab/ansible.cfg as config file
2020-01-31 12:56:53,469 p=13399 u=osgdev |  PLAY [TG-DEVOPS-OS984] ***********************************************************************************************************************
2020-01-31 12:56:53,479 p=13399 u=osgdev |  TASK [Gathering Facts] ***********************************************************************************************************************
2020-01-31 12:56:55,331 p=13399 u=osgdev |  ok: [TG-DEVOPS-OS984]
2020-01-31 12:56:55,336 p=13399 u=osgdev |  TASK [tomcat : Extract tomcat tar file] ******************************************************************************************************
2020-01-31 12:56:56,929 p=13399 u=osgdev |  changed: [TG-DEVOPS-OS984] => {"changed": true, "dest": "/home/osgdev/ansilab/tomcat", "extract_results": {"cmd": ["/bin/tar", "--extract", "-C", "/home/osgdev/ansilab/tomcat", "-z", "-f", "/home/osgdev/.ansible/tmp/ansible-tmp-1580455615.37-191650810247885/source"], "err": "", "out": "", "rc": 0}, "gid": 999, "group": "docker", "handler": "TgzArchive", "mode": "0755", "owner": "osgdev", "size": 4096, "src": "/home/osgdev/.ansible/tmp/ansible-tmp-1580455615.37-191650810247885/source", "state": "directory", "uid": 1000}
2020-01-31 12:56:56,936 p=13399 u=osgdev |  TASK [tomcat : Change the tomcat port] *******************************************************************************************************
2020-01-31 12:56:57,386 p=13399 u=osgdev |  changed: [TG-DEVOPS-OS984] => {"changed": true, "checksum": "a6602e8e4767351e884330d36698f4a40fdf5af0", "dest": "/home/osgdev/ansilab/tomcat/apache-tomcat-9.0.30/conf/server.xml", "gid": 999, "group": "docker", "md5sum": "2158cd4cb6ccbec69a35e06d08bf6f20", "mode": "0600", "owner": "osgdev", "size": 7514, "src": "/home/osgdev/.ansible/tmp/ansible-tmp-1580455616.97-250482838212081/source", "state": "file", "uid": 1000}
2020-01-31 12:56:57,387 p=13399 u=osgdev |  RUNNING HANDLER [tomcat : Start tomcat service] **********************************************************************************************
2020-01-31 12:56:57,698 p=13399 u=osgdev |  changed: [TG-DEVOPS-OS984] => {"changed": true, "cmd": "/home/osgdev/ansilab/tomcat/apache-tomcat-9.0.30/bin/startup.sh", "delta": "0:00:00.007677", "end": "2020-01-31 12:56:57.680707", "rc": 0, "start": "2020-01-31 12:56:57.673030", "stderr": "", "stderr_lines": [], "stdout": "Tomcat started.", "stdout_lines": ["Tomcat started."]}
2020-01-31 12:56:57,700 p=13399 u=osgdev |  PLAY RECAP ***********************************************************************************************************************************
2020-01-31 12:56:57,700 p=13399 u=osgdev |  TG-DEVOPS-OS984            : ok=4    changed=3    unreachable=0    failed=0   
2020-01-31 12:57:54,839 p=15052 u=osgdev |  Using /home/osgdev/ansilab/ansible.cfg as config file
2020-01-31 12:57:55,010 p=15052 u=osgdev |  PLAY [TG-DEVOPS-OS984] ***********************************************************************************************************************
2020-01-31 12:57:55,021 p=15052 u=osgdev |  TASK [Gathering Facts] ***********************************************************************************************************************
2020-01-31 12:57:55,702 p=15052 u=osgdev |  ok: [TG-DEVOPS-OS984]
2020-01-31 12:57:55,707 p=15052 u=osgdev |  TASK [tomcat : Extract tomcat tar file] ******************************************************************************************************
2020-01-31 12:57:57,301 p=15052 u=osgdev |  changed: [TG-DEVOPS-OS984] => {"changed": true, "dest": "/home/osgdev/ansilab/tomcat", "extract_results": {"cmd": ["/bin/tar", "--extract", "-C", "/home/osgdev/ansilab/tomcat", "-z", "-f", "/home/osgdev/.ansible/tmp/ansible-tmp-1580455675.74-27687882789234/source"], "err": "", "out": "", "rc": 0}, "gid": 999, "group": "docker", "handler": "TgzArchive", "mode": "0755", "owner": "osgdev", "size": 4096, "src": "/home/osgdev/.ansible/tmp/ansible-tmp-1580455675.74-27687882789234/source", "state": "directory", "uid": 1000}
2020-01-31 12:57:57,310 p=15052 u=osgdev |  TASK [tomcat : Change the tomcat port] *******************************************************************************************************
2020-01-31 12:57:57,820 p=15052 u=osgdev |  changed: [TG-DEVOPS-OS984] => {"changed": true, "checksum": "e3993a75c87f675e44b020fc6a49e1eeac1f83b0", "dest": "/home/osgdev/ansilab/tomcat/apache-tomcat-9.0.30/conf/server.xml", "gid": 999, "group": "docker", "md5sum": "33d42eae7bca6387e6a7ec7d8ce6ad58", "mode": "0600", "owner": "osgdev", "size": 7514, "src": "/home/osgdev/.ansible/tmp/ansible-tmp-1580455677.37-238160838110353/source", "state": "file", "uid": 1000}
2020-01-31 12:57:57,821 p=15052 u=osgdev |  RUNNING HANDLER [tomcat : Start tomcat service] **********************************************************************************************
2020-01-31 12:57:58,118 p=15052 u=osgdev |  changed: [TG-DEVOPS-OS984] => {"changed": true, "cmd": "/home/osgdev/ansilab/tomcat/apache-tomcat-9.0.30/bin/startup.sh", "delta": "0:00:00.007750", "end": "2020-01-31 12:57:58.097307", "rc": 0, "start": "2020-01-31 12:57:58.089557", "stderr": "", "stderr_lines": [], "stdout": "Tomcat started.", "stdout_lines": ["Tomcat started."]}
2020-01-31 12:57:58,120 p=15052 u=osgdev |  PLAY RECAP ***********************************************************************************************************************************
2020-01-31 12:57:58,120 p=15052 u=osgdev |  TG-DEVOPS-OS984            : ok=4    changed=3    unreachable=0    failed=0   
2020-01-31 13:13:25,887 p=4609 u=osgdev |  Using /home/osgdev/ansilab/ansible.cfg as config file
2020-01-31 13:13:26,077 p=4609 u=osgdev |  PLAY [localhost] *****************************************************************************************************************************
2020-01-31 13:13:26,087 p=4609 u=osgdev |  TASK [Gathering Facts] ***********************************************************************************************************************
2020-01-31 13:13:26,717 p=4609 u=osgdev |  ok: [localhost]
2020-01-31 13:13:26,723 p=4609 u=osgdev |  TASK [tomcat : Extract tomcat tar file] ******************************************************************************************************
2020-01-31 13:13:28,769 p=4609 u=osgdev |  changed: [localhost] => {"changed": true, "dest": "/home/osgdev/ansilab/tomcat", "extract_results": {"cmd": ["/bin/tar", "--extract", "-C", "/home/osgdev/ansilab/tomcat", "-z", "-f", "/home/osgdev/.ansible/tmp/ansible-tmp-1580456606.76-243517602246954/source"], "err": "", "out": "", "rc": 0}, "gid": 999, "group": "docker", "handler": "TgzArchive", "mode": "0755", "owner": "osgdev", "size": 4096, "src": "/home/osgdev/.ansible/tmp/ansible-tmp-1580456606.76-243517602246954/source", "state": "directory", "uid": 1000}
2020-01-31 13:13:28,774 p=4609 u=osgdev |  TASK [tomcat : Change the tomcat port] *******************************************************************************************************
2020-01-31 13:13:29,161 p=4609 u=osgdev |  changed: [localhost] => {"changed": true, "checksum": "e3993a75c87f675e44b020fc6a49e1eeac1f83b0", "dest": "/home/osgdev/ansilab/tomcat/apache-tomcat-9.0.30/conf/server.xml", "gid": 999, "group": "docker", "md5sum": "33d42eae7bca6387e6a7ec7d8ce6ad58", "mode": "0600", "owner": "osgdev", "size": 7514, "src": "/home/osgdev/.ansible/tmp/ansible-tmp-1580456608.82-24596096296522/source", "state": "file", "uid": 1000}
2020-01-31 13:13:29,161 p=4609 u=osgdev |  RUNNING HANDLER [tomcat : Start tomcat service] **********************************************************************************************
2020-01-31 13:13:29,441 p=4609 u=osgdev |  changed: [localhost] => {"changed": true, "cmd": "/home/osgdev/ansilab/tomcat/apache-tomcat-9.0.30/bin/startup.sh", "delta": "0:00:00.007488", "end": "2020-01-31 13:13:29.402702", "rc": 0, "start": "2020-01-31 13:13:29.395214", "stderr": "", "stderr_lines": [], "stdout": "Tomcat started.", "stdout_lines": ["Tomcat started."]}
2020-01-31 13:13:29,443 p=4609 u=osgdev |  PLAY RECAP ***********************************************************************************************************************************
2020-01-31 13:13:29,443 p=4609 u=osgdev |  localhost                  : ok=4    changed=3    unreachable=0    failed=0   
2020-01-31 13:14:36,944 p=6449 u=osgdev |  Using /home/osgdev/ansilab/ansible.cfg as config file
2020-01-31 13:14:37,119 p=6449 u=osgdev |  PLAY [localhost] *****************************************************************************************************************************
2020-01-31 13:14:37,130 p=6449 u=osgdev |  TASK [Gathering Facts] ***********************************************************************************************************************
2020-01-31 13:14:37,800 p=6449 u=osgdev |  ok: [localhost]
2020-01-31 13:14:37,805 p=6449 u=osgdev |  TASK [tomcat : Extract tomcat tar file] ******************************************************************************************************
2020-01-31 13:14:38,873 p=6449 u=osgdev |  changed: [localhost] => {"changed": true, "dest": "/home/osgdev/ansilab/tomcat", "extract_results": {"cmd": ["/bin/tar", "--extract", "-C", "/home/osgdev/ansilab/tomcat", "-z", "-f", "/home/osgdev/.ansible/tmp/ansible-tmp-1580456677.84-186591921380428/source"], "err": "", "out": "", "rc": 0}, "gid": 999, "group": "docker", "handler": "TgzArchive", "mode": "0755", "owner": "osgdev", "size": 4096, "src": "/home/osgdev/.ansible/tmp/ansible-tmp-1580456677.84-186591921380428/source", "state": "directory", "uid": 1000}
2020-01-31 13:14:38,878 p=6449 u=osgdev |  TASK [tomcat : Change the tomcat port] *******************************************************************************************************
2020-01-31 13:14:39,248 p=6449 u=osgdev |  changed: [localhost] => {"changed": true, "checksum": "e3993a75c87f675e44b020fc6a49e1eeac1f83b0", "dest": "/home/osgdev/ansilab/tomcat/apache-tomcat-9.0.30/conf/server.xml", "gid": 999, "group": "docker", "md5sum": "33d42eae7bca6387e6a7ec7d8ce6ad58", "mode": "0600", "owner": "osgdev", "size": 7514, "src": "/home/osgdev/.ansible/tmp/ansible-tmp-1580456678.91-211620138499845/source", "state": "file", "uid": 1000}
2020-01-31 13:14:39,248 p=6449 u=osgdev |  RUNNING HANDLER [tomcat : Start tomcat service] **********************************************************************************************
2020-01-31 13:14:39,520 p=6449 u=osgdev |  changed: [localhost] => {"changed": true, "cmd": "/home/osgdev/ansilab/tomcat/apache-tomcat-9.0.30/bin/startup.sh", "delta": "0:00:00.009142", "end": "2020-01-31 13:14:39.506755", "rc": 0, "start": "2020-01-31 13:14:39.497613", "stderr": "", "stderr_lines": [], "stdout": "Tomcat started.", "stdout_lines": ["Tomcat started."]}
2020-01-31 13:14:39,524 p=6449 u=osgdev |  PLAY RECAP ***********************************************************************************************************************************
2020-01-31 13:14:39,525 p=6449 u=osgdev |  localhost                  : ok=4    changed=3    unreachable=0    failed=0   
2020-01-31 13:16:00,975 p=8713 u=osgdev |  Using /home/osgdev/ansilab/ansible.cfg as config file
2020-01-31 13:16:01,171 p=8713 u=osgdev |  PLAY [10.198.108.144] ************************************************************************************************************************
2020-01-31 13:16:01,181 p=8713 u=osgdev |  TASK [Gathering Facts] ***********************************************************************************************************************
2020-01-31 13:16:03,106 p=8713 u=osgdev |  ok: [10.198.108.144]
2020-01-31 13:16:03,111 p=8713 u=osgdev |  TASK [tomcat : Extract tomcat tar file] ******************************************************************************************************
2020-01-31 13:16:04,832 p=8713 u=osgdev |  changed: [10.198.108.144] => {"changed": true, "dest": "/home/osgdev/ansilab/tomcat", "extract_results": {"cmd": ["/bin/tar", "--extract", "-C", "/home/osgdev/ansilab/tomcat", "-z", "-f", "/home/osgdev/.ansible/tmp/ansible-tmp-1580456763.17-234812149111208/source"], "err": "", "out": "", "rc": 0}, "gid": 999, "group": "docker", "handler": "TgzArchive", "mode": "0755", "owner": "osgdev", "size": 4096, "src": "/home/osgdev/.ansible/tmp/ansible-tmp-1580456763.17-234812149111208/source", "state": "directory", "uid": 1000}
2020-01-31 13:16:04,837 p=8713 u=osgdev |  TASK [tomcat : Change the tomcat port] *******************************************************************************************************
2020-01-31 13:16:05,375 p=8713 u=osgdev |  changed: [10.198.108.144] => {"changed": true, "checksum": "e3993a75c87f675e44b020fc6a49e1eeac1f83b0", "dest": "/home/osgdev/ansilab/tomcat/apache-tomcat-9.0.30/conf/server.xml", "gid": 999, "group": "docker", "md5sum": "33d42eae7bca6387e6a7ec7d8ce6ad58", "mode": "0600", "owner": "osgdev", "size": 7514, "src": "/home/osgdev/.ansible/tmp/ansible-tmp-1580456764.9-216145925189045/source", "state": "file", "uid": 1000}
2020-01-31 13:16:05,375 p=8713 u=osgdev |  RUNNING HANDLER [tomcat : Start tomcat service] **********************************************************************************************
2020-01-31 13:16:05,794 p=8713 u=osgdev |  changed: [10.198.108.144] => {"changed": true, "cmd": "/home/osgdev/ansilab/tomcat/apache-tomcat-9.0.30/bin/startup.sh", "delta": "0:00:00.008661", "end": "2020-01-31 13:16:05.779090", "rc": 0, "start": "2020-01-31 13:16:05.770429", "stderr": "", "stderr_lines": [], "stdout": "Tomcat started.", "stdout_lines": ["Tomcat started."]}
2020-01-31 13:16:05,795 p=8713 u=osgdev |  PLAY RECAP ***********************************************************************************************************************************
2020-01-31 13:16:05,795 p=8713 u=osgdev |  10.198.108.144             : ok=4    changed=3    unreachable=0    failed=0   
2020-01-31 13:19:06,892 p=13307 u=osgdev |  Using /home/osgdev/ansilab/ansible.cfg as config file
2020-01-31 13:19:07,125 p=13307 u=osgdev |  PLAY [10.198.108.144] ************************************************************************************************************************
2020-01-31 13:19:07,134 p=13307 u=osgdev |  TASK [Gathering Facts] ***********************************************************************************************************************
2020-01-31 13:19:07,807 p=13307 u=osgdev |  ok: [10.198.108.144]
2020-01-31 13:19:07,813 p=13307 u=osgdev |  TASK [tomcat : Extract tomcat tar file] ******************************************************************************************************
2020-01-31 13:19:08,908 p=13307 u=osgdev |  changed: [10.198.108.144] => {"changed": true, "dest": "/home/osgdev/ansilab/tomcat", "extract_results": {"cmd": ["/bin/tar", "--extract", "-C", "/home/osgdev/ansilab/tomcat", "-z", "-f", "/home/osgdev/.ansible/tmp/ansible-tmp-1580456947.83-75328521627079/source"], "err": "", "out": "", "rc": 0}, "gid": 999, "group": "docker", "handler": "TgzArchive", "mode": "0755", "owner": "osgdev", "size": 4096, "src": "/home/osgdev/.ansible/tmp/ansible-tmp-1580456947.83-75328521627079/source", "state": "directory", "uid": 1000}
2020-01-31 13:19:08,913 p=13307 u=osgdev |  TASK [tomcat : Change the tomcat port] *******************************************************************************************************
2020-01-31 13:19:09,342 p=13307 u=osgdev |  changed: [10.198.108.144] => {"changed": true, "checksum": "e3993a75c87f675e44b020fc6a49e1eeac1f83b0", "dest": "/home/osgdev/ansilab/tomcat/apache-tomcat-9.0.30/conf/server.xml", "gid": 999, "group": "docker", "md5sum": "33d42eae7bca6387e6a7ec7d8ce6ad58", "mode": "0600", "owner": "osgdev", "size": 7514, "src": "/home/osgdev/.ansible/tmp/ansible-tmp-1580456948.96-161402109857063/source", "state": "file", "uid": 1000}
2020-01-31 13:19:09,343 p=13307 u=osgdev |  RUNNING HANDLER [tomcat : Start tomcat service] **********************************************************************************************
2020-01-31 13:19:09,667 p=13307 u=osgdev |  changed: [10.198.108.144] => {"changed": true, "cmd": "/home/osgdev/ansilab/tomcat/apache-tomcat-9.0.30/bin/startup.sh", "delta": "0:00:00.007671", "end": "2020-01-31 13:19:09.653453", "rc": 0, "start": "2020-01-31 13:19:09.645782", "stderr": "", "stderr_lines": [], "stdout": "Tomcat started.", "stdout_lines": ["Tomcat started."]}
2020-01-31 13:19:09,671 p=13307 u=osgdev |  PLAY RECAP ***********************************************************************************************************************************
2020-01-31 13:19:09,671 p=13307 u=osgdev |  10.198.108.144             : ok=4    changed=3    unreachable=0    failed=0   
2020-01-31 13:19:26,553 p=14008 u=osgdev |  Using /home/osgdev/ansilab/ansible.cfg as config file
2020-01-31 13:19:26,762 p=14008 u=osgdev |  PLAY [10.198.108.144] ************************************************************************************************************************
2020-01-31 13:19:26,772 p=14008 u=osgdev |  TASK [Gathering Facts] ***********************************************************************************************************************
2020-01-31 13:19:27,421 p=14008 u=osgdev |  ok: [10.198.108.144]
2020-01-31 13:19:27,429 p=14008 u=osgdev |  TASK [tomcat : Extract tomcat tar file] ******************************************************************************************************
2020-01-31 13:19:28,559 p=14008 u=osgdev |  changed: [10.198.108.144] => {"changed": true, "dest": "/home/osgdev/ansilab/tomcat", "extract_results": {"cmd": ["/bin/tar", "--extract", "-C", "/home/osgdev/ansilab/tomcat", "-z", "-f", "/home/osgdev/.ansible/tmp/ansible-tmp-1580456967.47-246038334722976/source"], "err": "", "out": "", "rc": 0}, "gid": 999, "group": "docker", "handler": "TgzArchive", "mode": "0755", "owner": "osgdev", "size": 4096, "src": "/home/osgdev/.ansible/tmp/ansible-tmp-1580456967.47-246038334722976/source", "state": "directory", "uid": 1000}
2020-01-31 13:19:28,565 p=14008 u=osgdev |  TASK [tomcat : Change the tomcat port] *******************************************************************************************************
2020-01-31 13:19:28,956 p=14008 u=osgdev |  changed: [10.198.108.144] => {"changed": true, "checksum": "e3993a75c87f675e44b020fc6a49e1eeac1f83b0", "dest": "/home/osgdev/ansilab/tomcat/apache-tomcat-9.0.30/conf/server.xml", "gid": 999, "group": "docker", "md5sum": "33d42eae7bca6387e6a7ec7d8ce6ad58", "mode": "0600", "owner": "osgdev", "size": 7514, "src": "/home/osgdev/.ansible/tmp/ansible-tmp-1580456968.62-153805557113299/source", "state": "file", "uid": 1000}
2020-01-31 13:19:28,957 p=14008 u=osgdev |  RUNNING HANDLER [tomcat : Start tomcat service] **********************************************************************************************
2020-01-31 13:19:29,208 p=14008 u=osgdev |  changed: [10.198.108.144] => {"changed": true, "cmd": "/home/osgdev/ansilab/tomcat/apache-tomcat-9.0.30/bin/startup.sh", "delta": "0:00:00.007117", "end": "2020-01-31 13:19:29.189039", "rc": 0, "start": "2020-01-31 13:19:29.181922", "stderr": "", "stderr_lines": [], "stdout": "Tomcat started.", "stdout_lines": ["Tomcat started."]}
2020-01-31 13:19:29,210 p=14008 u=osgdev |  PLAY RECAP ***********************************************************************************************************************************
2020-01-31 13:19:29,210 p=14008 u=osgdev |  10.198.108.144             : ok=4    changed=3    unreachable=0    failed=0   
2020-01-31 13:20:34,512 p=15790 u=osgdev |  Using /home/osgdev/ansilab/ansible.cfg as config file
2020-01-31 13:20:34,703 p=15790 u=osgdev |  PLAY [10.198.108.144] ************************************************************************************************************************
2020-01-31 13:20:34,712 p=15790 u=osgdev |  TASK [Gathering Facts] ***********************************************************************************************************************
2020-01-31 13:20:35,341 p=15790 u=osgdev |  ok: [10.198.108.144]
2020-01-31 13:20:35,350 p=15790 u=osgdev |  TASK [tomcat : Extract tomcat tar file] ******************************************************************************************************
2020-01-31 13:20:36,335 p=15790 u=osgdev |  changed: [10.198.108.144] => {"changed": true, "dest": "/home/osgdev/ansilab/tomcat", "extract_results": {"cmd": ["/bin/tar", "--extract", "-C", "/home/osgdev/ansilab/tomcat", "-z", "-f", "/home/osgdev/.ansible/tmp/ansible-tmp-1580457035.37-264310708821616/source"], "err": "", "out": "", "rc": 0}, "gid": 999, "group": "docker", "handler": "TgzArchive", "mode": "0755", "owner": "osgdev", "size": 4096, "src": "/home/osgdev/.ansible/tmp/ansible-tmp-1580457035.37-264310708821616/source", "state": "directory", "uid": 1000}
2020-01-31 13:20:36,341 p=15790 u=osgdev |  TASK [tomcat : Change the tomcat port] *******************************************************************************************************
2020-01-31 13:20:36,720 p=15790 u=osgdev |  changed: [10.198.108.144] => {"changed": true, "checksum": "e3993a75c87f675e44b020fc6a49e1eeac1f83b0", "dest": "/home/osgdev/ansilab/tomcat/apache-tomcat-9.0.30/conf/server.xml", "gid": 999, "group": "docker", "md5sum": "33d42eae7bca6387e6a7ec7d8ce6ad58", "mode": "0600", "owner": "osgdev", "size": 7514, "src": "/home/osgdev/.ansible/tmp/ansible-tmp-1580457036.37-232516702520387/source", "state": "file", "uid": 1000}
2020-01-31 13:20:36,721 p=15790 u=osgdev |  RUNNING HANDLER [tomcat : Start tomcat service] **********************************************************************************************
2020-01-31 13:20:36,963 p=15790 u=osgdev |  changed: [10.198.108.144] => {"changed": true, "cmd": "/home/osgdev/ansilab/tomcat/apache-tomcat-9.0.30/bin/startup.sh", "delta": "0:00:00.006946", "end": "2020-01-31 13:20:36.945109", "rc": 0, "start": "2020-01-31 13:20:36.938163", "stderr": "", "stderr_lines": [], "stdout": "Tomcat started.", "stdout_lines": ["Tomcat started."]}
2020-01-31 13:20:36,965 p=15790 u=osgdev |  PLAY RECAP ***********************************************************************************************************************************
2020-01-31 13:20:36,965 p=15790 u=osgdev |  10.198.108.144             : ok=4    changed=3    unreachable=0    failed=0   
